<?xml version="1.0" encoding="utf-8"?>
<coverage line-rate="0.85" branch-rate="0.80" version="1.9" timestamp="1609459200" lines-covered="85" lines-valid="100" branches-covered="40" branches-valid="50">
  <packages>
    <package name="MyProject" line-rate="0.85" branch-rate="0.80" complexity="10">
      <classes>
        <class name="Calculator" filename="src/Calculator.cs" line-rate="0.90" branch-rate="0.85" complexity="5">
          <methods>
            <method name="Add" signature="(int, int)" line-rate="1.0" branch-rate="1.0" complexity="1">
              <lines>
                <line number="10" hits="5" branch="false"/>
                <line number="11" hits="5" branch="false"/>
              </lines>
            </method>
            <method name="Divide" signature="(int, int)" line-rate="0.80" branch-rate="0.75" complexity="2">
              <lines>
                <line number="20" hits="3" branch="true" condition-coverage="75% (3/4)"/>
                <line number="21" hits="3" branch="false"/>
                <line number="22" hits="0" branch="false"/>
                <line number="23" hits="3" branch="false"/>
              </lines>
            </method>
          </methods>
          <lines>
            <line number="10" hits="5" branch="false"/>
            <line number="11" hits="5" branch="false"/>
            <line number="20" hits="3" branch="true" condition-coverage="75% (3/4)"/>
            <line number="21" hits="3" branch="false"/>
            <line number="22" hits="0" branch="false"/>
            <line number="23" hits="3" branch="false"/>
          </lines>
        </class>
        <class name="StringHelper" filename="src/StringHelper.cs" line-rate="0.80" branch-rate="0.75" complexity="5">
          <methods>
            <method name="Reverse" signature="(string)" line-rate="0.80" branch-rate="0.75" complexity="2">
              <lines>
                <line number="10" hits="4" branch="false"/>
                <line number="11" hits="4" branch="false"/>
                <line number="12" hits="0" branch="false"/>
                <line number="13" hits="4" branch="false"/>
                <line number="14" hits="4" branch="false"/>
              </lines>
            </method>
          </methods>
          <lines>
            <line number="10" hits="4" branch="false"/>
            <line number="11" hits="4" branch="false"/>
            <line number="12" hits="0" branch="false"/>
            <line number="13" hits="4" branch="false"/>
            <line number="14" hits="4" branch="false"/>
          </lines>
        </class>
      </classes>
    </package>
  </packages>
</coverage>
