<?xml version="1.0" encoding="utf-8"?>
<coverage line-rate="0.30" branch-rate="0.20" version="1.9" timestamp="1609459200" lines-covered="30" lines-valid="100" branches-covered="10" branches-valid="50">
  <packages>
    <package name="MyProject" line-rate="0.30" branch-rate="0.20" complexity="10">
      <classes>
        <class name="Calculator" filename="src/Calculator.cs" line-rate="0.30" branch-rate="0.20" complexity="5">
          <methods>
            <method name="Add" signature="(int, int)" line-rate="0.50" branch-rate="0.50" complexity="1">
              <lines>
                <line number="10" hits="2" branch="false"/>
                <line number="11" hits="0" branch="false"/>
              </lines>
            </method>
            <method name="Divide" signature="(int, int)" line-rate="0.25" branch-rate="0.10" complexity="2">
              <lines>
                <line number="20" hits="1" branch="true" condition-coverage="25% (1/4)"/>
                <line number="21" hits="0" branch="false"/>
                <line number="22" hits="0" branch="false"/>
                <line number="23" hits="0" branch="false"/>
              </lines>
            </method>
          </methods>
          <lines>
            <line number="10" hits="2" branch="false"/>
            <line number="11" hits="0" branch="false"/>
            <line number="20" hits="1" branch="true" condition-coverage="25% (1/4)"/>
            <line number="21" hits="0" branch="false"/>
            <line number="22" hits="0" branch="false"/>
            <line number="23" hits="0" branch="false"/>
          </lines>
        </class>
      </classes>
    </package>
  </packages>
</coverage>
