<?xml version="1.0" encoding="UTF-8"?>
<coverage line-rate="0.30" branch-rate="0.20" version="1" timestamp="1609459200" lines-covered="30" lines-valid="100" branches-covered="4" branches-valid="20" complexity="10">
  <sources>
    <source>.</source>
  </sources>
  <packages>
    <package name="MyPackage" line-rate="0.30" branch-rate="0.20" complexity="10">
      <classes>
        <class name="MyClass" filename="MyClass.cs" line-rate="0.30" branch-rate="0.20" complexity="10">
          <methods>
            <method name="MyMethod" signature="()" line-rate="0.30" branch-rate="0.20" complexity="1">
              <lines>
                <line number="1" hits="1"/>
                <line number="2" hits="0"/>
                <line number="3" hits="0"/>
              </lines>
            </method>
          </methods>
          <lines>
            <line number="1" hits="1"/>
            <line number="2" hits="0"/>
            <line number="3" hits="0"/>
            <line number="4" hits="1"/>
            <line number="5" hits="0"/>
            <line number="6" hits="0"/>
            <line number="7" hits="1"/>
            <line number="8" hits="0"/>
            <line number="9" hits="0"/>
            <line number="10" hits="0"/>
          </lines>
        </class>
      </classes>
    </package>
  </packages>
</coverage>
